<?xml version="1.0" encoding="UTF-8"?>
<testng-results skipped="0" failed="0" total="5" passed="5">
  <reporter-output>
  </reporter-output>
  <suite name="Default suite" duration-ms="2065" started-at="2014-11-18T20:17:39Z" finished-at="2014-11-18T20:17:41Z">
    <groups>
    </groups>
    <test name="Default test" duration-ms="2065" started-at="2014-11-18T20:17:39Z" finished-at="2014-11-18T20:17:41Z">
      <class name="com.Test.JerSeyTest">
        <test-method status="PASS" signature="postData()[pri:0, instance:com.Test.JerSeyTest@c39f790]" name="postData" duration-ms="760" started-at="2014-11-18T20:17:39Z" finished-at="2014-11-18T20:17:40Z">
          <reporter-output>
          </reporter-output>
        </test-method> <!-- postData -->
        <test-method status="PASS" signature="fetchData()[pri:0, instance:com.Test.JerSeyTest@c39f790]" name="fetchData" duration-ms="565" started-at="2014-11-18T20:17:40Z" finished-at="2014-11-18T20:17:40Z">
          <reporter-output>
          </reporter-output>
        </test-method> <!-- fetchData -->
        <test-method status="PASS" signature="getData()[pri:0, instance:com.Test.JerSeyTest@c39f790]" name="getData" duration-ms="190" started-at="2014-11-18T20:17:40Z" finished-at="2014-11-18T20:17:40Z">
          <reporter-output>
          </reporter-output>
        </test-method> <!-- getData -->
        <test-method status="PASS" signature="updateData()[pri:0, instance:com.Test.JerSeyTest@c39f790]" name="updateData" duration-ms="170" started-at="2014-11-18T20:17:40Z" finished-at="2014-11-18T20:17:41Z">
          <reporter-output>
          </reporter-output>
        </test-method> <!-- updateData -->
        <test-method status="PASS" signature="deleteData()[pri:0, instance:com.Test.JerSeyTest@c39f790]" name="deleteData" duration-ms="350" started-at="2014-11-18T20:17:41Z" finished-at="2014-11-18T20:17:41Z">
          <reporter-output>
          </reporter-output>
        </test-method> <!-- deleteData -->
      </class> <!-- com.Test.JerSeyTest -->
    </test> <!-- Default test -->
  </suite> <!-- Default suite -->
</testng-results>
