<?xml version="1.0" encoding="UTF-8"?>
<!-- Generated by org.testng.reporters.JUnitXMLReporter -->
<testsuite hostname="Thotas-PC" name="Default test" tests="5" failures="0" timestamp="18 Nov 2014 20:17:41 GMT" time="2.065" errors="0">
  <testcase name="postData" time="0.76" classname="com.Test.JerSeyTest"/>
  <testcase name="fetchData" time="0.565" classname="com.Test.JerSeyTest"/>
  <testcase name="getData" time="0.19" classname="com.Test.JerSeyTest"/>
  <testcase name="updateData" time="0.17" classname="com.Test.JerSeyTest"/>
  <testcase name="deleteData" time="0.35" classname="com.Test.JerSeyTest"/>
</testsuite> <!-- Default test -->
